<?xml version="1.0" encoding="UTF-8"?>
<!-- Generated by org.testng.reporters.JUnitReportReporter -->
<testsuite hostname="DESKTOP-I1HVQQF" failures="0" tests="5" name="TestClasses.JewellerERP" time="21.913" errors="0" timestamp="2023-01-10T18:36:36 IST" skipped="0">
  <testcase classname="TestClasses.JewellerERP" name="LoginPage" time="0.963"/>
  <system-out/>
  <testcase classname="TestClasses.JewellerERP" name="BranchSelection" time="1.215"/>
  <system-out/>
  <testcase classname="TestClasses.JewellerERP" name="Dashboards" time="3.602"/>
  <system-out/>
  <testcase classname="TestClasses.JewellerERP" name="Customers" time="14.276"/>
  <system-out/>
  <testcase classname="TestClasses.JewellerERP" name="RetriveDatas" time="1.857"/>
  <system-out/>
</testsuite> <!-- TestClasses.JewellerERP -->
